[2023:08:31 13:45:13] Updating config file with new values
[2023:08:31 13:45:13] Writing config file to /media/storage/home/mklostermann/projects/03_eiCLIP_pipeline/eiCLIP_pipeline/minimal_example/minimal_example_eCLIP/config_min_example_eCLIP_minimal_updated.yaml
[2023:08:31 13:45:13] ---------------------
[2023:08:31 13:45:13] | Snakemake command |
[2023:08:31 13:45:13] ---------------------

snakemake -s /media/storage/home/mklostermann/racoon_clip/racoon_clip/workflow/Snakefile --configfile /media/storage/home/mklostermann/projects/03_eiCLIP_pipeline/eiCLIP_pipeline/minimal_example/minimal_example_eCLIP/config_min_example_eCLIP_minimal_updated.yaml --use-conda --conda-frontend mamba --jobs 1 --rerun-incomplete --printshellcmds --nolock --show-failed-logs --cores 4 --forceall
[2023:08:31 13:47:07] Updating config file with new values
[2023:08:31 13:47:07] Writing config file to /media/storage/home/mklostermann/projects/03_eiCLIP_pipeline/eiCLIP_pipeline/minimal_example/minimal_example_eCLIP/config_min_example_eCLIP_minimal_updated.yaml
[2023:08:31 13:47:07] ---------------------
[2023:08:31 13:47:07] | Snakemake command |
[2023:08:31 13:47:07] ---------------------

snakemake -s /media/storage/home/mklostermann/racoon_clip/racoon_clip/workflow/Snakefile --configfile /media/storage/home/mklostermann/projects/03_eiCLIP_pipeline/eiCLIP_pipeline/minimal_example/minimal_example_eCLIP/config_min_example_eCLIP_minimal_updated.yaml --use-conda --conda-frontend mamba --jobs 1 --rerun-incomplete --printshellcmds --nolock --show-failed-logs --cores 4 --forceall
[2023:08:31 13:57:47] Updating config file with new values
[2023:08:31 13:57:47] Writing config file to /media/storage/home/mklostermann/projects/03_eiCLIP_pipeline/eiCLIP_pipeline/minimal_example/minimal_example_eCLIP/config_min_example_eCLIP_minimal_updated.yaml
[2023:08:31 13:57:47] ---------------------
[2023:08:31 13:57:47] | Snakemake command |
[2023:08:31 13:57:47] ---------------------

snakemake -s /media/storage/home/mklostermann/racoon_clip/racoon_clip/workflow/Snakefile --configfile /media/storage/home/mklostermann/projects/03_eiCLIP_pipeline/eiCLIP_pipeline/minimal_example/minimal_example_eCLIP/config_min_example_eCLIP_minimal_updated.yaml --use-conda --conda-frontend mamba --jobs 1 --rerun-incomplete --printshellcmds --nolock --show-failed-logs --cores 4 --forceall
[2023:08:31 13:59:21] Updating config file with new values
[2023:08:31 13:59:21] Writing config file to /media/storage/home/mklostermann/projects/03_eiCLIP_pipeline/eiCLIP_pipeline/minimal_example/minimal_example_eCLIP/config_min_example_eCLIP_minimal_updated.yaml
[2023:08:31 13:59:21] ---------------------
[2023:08:31 13:59:21] | Snakemake command |
[2023:08:31 13:59:21] ---------------------

snakemake -s /media/storage/home/mklostermann/racoon_clip/racoon_clip/workflow/Snakefile --configfile /media/storage/home/mklostermann/projects/03_eiCLIP_pipeline/eiCLIP_pipeline/minimal_example/minimal_example_eCLIP/config_min_example_eCLIP_minimal_updated.yaml --use-conda --conda-frontend mamba --jobs 1 --rerun-incomplete --printshellcmds --nolock --show-failed-logs --cores 4 --forceall
[2023:08:31 14:01:33] Updating config file with new values
[2023:08:31 14:01:33] Writing config file to /media/storage/home/mklostermann/projects/03_eiCLIP_pipeline/eiCLIP_pipeline/minimal_example/minimal_example_eCLIP/config_min_example_eCLIP_minimal_updated.yaml
[2023:08:31 14:01:33] ---------------------
[2023:08:31 14:01:33] | Snakemake command |
[2023:08:31 14:01:33] ---------------------

snakemake -s /media/storage/home/mklostermann/racoon_clip/racoon_clip/workflow/Snakefile --configfile /media/storage/home/mklostermann/projects/03_eiCLIP_pipeline/eiCLIP_pipeline/minimal_example/minimal_example_eCLIP/config_min_example_eCLIP_minimal_updated.yaml --use-conda --conda-frontend mamba --jobs 1 --rerun-incomplete --printshellcmds --nolock --show-failed-logs --cores 4
[2023:08:31 14:06:13] Updating config file with new values
[2023:08:31 14:06:13] Writing config file to /media/storage/home/mklostermann/projects/03_eiCLIP_pipeline/eiCLIP_pipeline/minimal_example/minimal_example_eCLIP/config_min_example_eCLIP_minimal_updated.yaml
[2023:08:31 14:06:13] ---------------------
[2023:08:31 14:06:13] | Snakemake command |
[2023:08:31 14:06:13] ---------------------

snakemake -s /media/storage/home/mklostermann/racoon_clip/racoon_clip/workflow/Snakefile --configfile /media/storage/home/mklostermann/projects/03_eiCLIP_pipeline/eiCLIP_pipeline/minimal_example/minimal_example_eCLIP/config_min_example_eCLIP_minimal_updated.yaml --use-conda --conda-frontend mamba --jobs 1 --rerun-incomplete --printshellcmds --nolock --show-failed-logs --cores 6 -p
[2023:08:31 15:56:04] Snakemake finished successfully
[2023:09:01 06:11:48] Updating config file with new values
[2023:09:01 06:11:48] Writing config file to /media/storage/home/mklostermann/projects/03_eiCLIP_pipeline/eiCLIP_pipeline/minimal_example/minimal_example_eCLIP/config_min_example_eCLIP_minimal_updated.yaml
[2023:09:01 06:11:48] ---------------------
[2023:09:01 06:11:48] | Snakemake command |
[2023:09:01 06:11:48] ---------------------

snakemake -s /media/storage/home/mklostermann/racoon_clip/racoon_clip/workflow/Snakefile --configfile /media/storage/home/mklostermann/projects/03_eiCLIP_pipeline/eiCLIP_pipeline/minimal_example/minimal_example_eCLIP/config_min_example_eCLIP_minimal_updated.yaml --use-conda --conda-frontend mamba --jobs 1 --rerun-incomplete --printshellcmds --nolock --show-failed-logs --cores 6 -p
[2023:09:01 06:11:55] Snakemake finished successfully
[2023:09:01 06:12:57] Updating config file with new values
[2023:09:01 06:12:57] Writing config file to /media/storage/home/mklostermann/projects/03_eiCLIP_pipeline/eiCLIP_pipeline/minimal_example/minimal_example_eCLIP/config_min_example_eCLIP_minimal_updated.yaml
[2023:09:01 06:12:57] ---------------------
[2023:09:01 06:12:57] | Snakemake command |
[2023:09:01 06:12:57] ---------------------

snakemake -s /media/storage/home/mklostermann/racoon_clip/racoon_clip/workflow/Snakefile --configfile /media/storage/home/mklostermann/projects/03_eiCLIP_pipeline/eiCLIP_pipeline/minimal_example/minimal_example_eCLIP/config_min_example_eCLIP_minimal_updated.yaml --use-conda --conda-frontend mamba --jobs 1 --rerun-incomplete --printshellcmds --nolock --show-failed-logs --cores 6 -p
[2023:09:01 06:13:03] Snakemake finished successfully
[2023:09:01 06:14:32] Updating config file with new values
[2023:09:01 06:14:32] Writing config file to /media/storage/home/mklostermann/projects/03_eiCLIP_pipeline/eiCLIP_pipeline/minimal_example/minimal_example_eCLIP/config_min_example_eCLIP_minimal_updated.yaml
[2023:09:01 06:14:32] ---------------------
[2023:09:01 06:14:32] | Snakemake command |
[2023:09:01 06:14:32] ---------------------

snakemake -s /media/storage/home/mklostermann/racoon_clip/racoon_clip/workflow/Snakefile --configfile /media/storage/home/mklostermann/projects/03_eiCLIP_pipeline/eiCLIP_pipeline/minimal_example/minimal_example_eCLIP/config_min_example_eCLIP_minimal_updated.yaml --use-conda --conda-frontend mamba --jobs 1 --rerun-incomplete --printshellcmds --nolock --show-failed-logs --cores 6 -p
[2023:09:01 06:14:42] Snakemake finished successfully
[2023:09:01 06:26:25] Updating config file with new values
[2023:09:01 06:26:25] Writing config file to /media/storage/home/mklostermann/projects/03_eiCLIP_pipeline/eiCLIP_pipeline/minimal_example/minimal_example_eCLIP/config_min_example_eCLIP_minimal_updated.yaml
[2023:09:01 06:26:25] ---------------------
[2023:09:01 06:26:25] | Snakemake command |
[2023:09:01 06:26:25] ---------------------

snakemake -s /media/storage/home/mklostermann/racoon_clip/racoon_clip/workflow/Snakefile --configfile /media/storage/home/mklostermann/projects/03_eiCLIP_pipeline/eiCLIP_pipeline/minimal_example/minimal_example_eCLIP/config_min_example_eCLIP_minimal_updated.yaml --use-conda --conda-frontend mamba --jobs 1 --rerun-incomplete --printshellcmds --nolock --show-failed-logs --cores 6 -p
[2023:09:01 06:26:31] ERROR: Snakemake failed
[2023:09:01 06:27:29] Updating config file with new values
[2023:09:01 06:27:29] Writing config file to /media/storage/home/mklostermann/projects/03_eiCLIP_pipeline/eiCLIP_pipeline/minimal_example/minimal_example_eCLIP/config_min_example_eCLIP_minimal_updated.yaml
[2023:09:01 06:27:29] ---------------------
[2023:09:01 06:27:29] | Snakemake command |
[2023:09:01 06:27:29] ---------------------

snakemake -s /media/storage/home/mklostermann/racoon_clip/racoon_clip/workflow/Snakefile --configfile /media/storage/home/mklostermann/projects/03_eiCLIP_pipeline/eiCLIP_pipeline/minimal_example/minimal_example_eCLIP/config_min_example_eCLIP_minimal_updated.yaml --use-conda --conda-frontend mamba --jobs 1 --rerun-incomplete --printshellcmds --nolock --show-failed-logs --cores 6 -p
[2023:09:01 06:27:35] ERROR: Snakemake failed
[2023:09:01 06:30:24] Updating config file with new values
[2023:09:01 06:30:24] Writing config file to /media/storage/home/mklostermann/projects/03_eiCLIP_pipeline/eiCLIP_pipeline/minimal_example/minimal_example_eCLIP/config_min_example_eCLIP_minimal_updated.yaml
[2023:09:01 06:30:24] ---------------------
[2023:09:01 06:30:24] | Snakemake command |
[2023:09:01 06:30:24] ---------------------

snakemake -s /media/storage/home/mklostermann/racoon_clip/racoon_clip/workflow/Snakefile --configfile /media/storage/home/mklostermann/projects/03_eiCLIP_pipeline/eiCLIP_pipeline/minimal_example/minimal_example_eCLIP/config_min_example_eCLIP_minimal_updated.yaml --use-conda --conda-frontend mamba --jobs 1 --rerun-incomplete --printshellcmds --nolock --show-failed-logs --cores 6 -p
[2023:09:01 06:30:34] Snakemake finished successfully
[2023:09:01 06:34:34] Updating config file with new values
[2023:09:01 06:34:34] Writing config file to /media/storage/home/mklostermann/projects/03_eiCLIP_pipeline/eiCLIP_pipeline/minimal_example/minimal_example_eCLIP/config_min_example_eCLIP_minimal_updated.yaml
[2023:09:01 06:34:34] ---------------------
[2023:09:01 06:34:34] | Snakemake command |
[2023:09:01 06:34:34] ---------------------

snakemake -s /media/storage/home/mklostermann/racoon_clip/racoon_clip/workflow/Snakefile --configfile /media/storage/home/mklostermann/projects/03_eiCLIP_pipeline/eiCLIP_pipeline/minimal_example/minimal_example_eCLIP/config_min_example_eCLIP_minimal_updated.yaml --use-conda --conda-frontend mamba --jobs 1 --rerun-incomplete --printshellcmds --nolock --show-failed-logs --cores 6 -p
[2023:09:01 06:34:38] Snakemake finished successfully
[2023:09:01 06:34:52] Updating config file with new values
[2023:09:01 06:34:52] Writing config file to /media/storage/home/mklostermann/projects/03_eiCLIP_pipeline/eiCLIP_pipeline/minimal_example/minimal_example_eCLIP/config_min_example_eCLIP_minimal_updated.yaml
[2023:09:01 06:34:52] ---------------------
[2023:09:01 06:34:52] | Snakemake command |
[2023:09:01 06:34:52] ---------------------

snakemake -s /media/storage/home/mklostermann/racoon_clip/racoon_clip/workflow/Snakefile --configfile /media/storage/home/mklostermann/projects/03_eiCLIP_pipeline/eiCLIP_pipeline/minimal_example/minimal_example_eCLIP/config_min_example_eCLIP_minimal_updated.yaml --use-conda --conda-frontend mamba --jobs 1 --rerun-incomplete --printshellcmds --nolock --show-failed-logs --cores 6 -p
[2023:09:01 06:34:58] ERROR: Snakemake failed
[2023:09:01 06:36:14] Updating config file with new values
[2023:09:01 06:36:14] Writing config file to /media/storage/home/mklostermann/projects/03_eiCLIP_pipeline/eiCLIP_pipeline/minimal_example/minimal_example_eCLIP/config_min_example_eCLIP_minimal_updated.yaml
[2023:09:01 06:36:14] ---------------------
[2023:09:01 06:36:14] | Snakemake command |
[2023:09:01 06:36:14] ---------------------

snakemake -s /media/storage/home/mklostermann/racoon_clip/racoon_clip/workflow/Snakefile --configfile /media/storage/home/mklostermann/projects/03_eiCLIP_pipeline/eiCLIP_pipeline/minimal_example/minimal_example_eCLIP/config_min_example_eCLIP_minimal_updated.yaml --use-conda --conda-frontend mamba --jobs 1 --rerun-incomplete --printshellcmds --nolock --show-failed-logs --cores 6 -p
[2023:09:01 06:36:23] Snakemake finished successfully
[2023:09:01 06:40:16] Updating config file with new values
[2023:09:01 06:40:16] Writing config file to /media/storage/home/mklostermann/projects/03_eiCLIP_pipeline/eiCLIP_pipeline/minimal_example/minimal_example_eCLIP/config_min_example_eCLIP_minimal_updated.yaml
[2023:09:01 06:40:16] ---------------------
[2023:09:01 06:40:16] | Snakemake command |
[2023:09:01 06:40:16] ---------------------

snakemake -s /media/storage/home/mklostermann/racoon_clip/racoon_clip/workflow/Snakefile --configfile /media/storage/home/mklostermann/projects/03_eiCLIP_pipeline/eiCLIP_pipeline/minimal_example/minimal_example_eCLIP/config_min_example_eCLIP_minimal_updated.yaml --use-conda --conda-frontend mamba --jobs 1 --rerun-incomplete --printshellcmds --nolock --show-failed-logs --cores 6 -p
[2023:09:01 06:40:22] ERROR: Snakemake failed
[2023:09:01 06:41:10] Updating config file with new values
[2023:09:01 06:41:10] Writing config file to /media/storage/home/mklostermann/projects/03_eiCLIP_pipeline/eiCLIP_pipeline/minimal_example/minimal_example_eCLIP/config_min_example_eCLIP_minimal_updated.yaml
[2023:09:01 06:41:10] ---------------------
[2023:09:01 06:41:10] | Snakemake command |
[2023:09:01 06:41:10] ---------------------

snakemake -s /media/storage/home/mklostermann/racoon_clip/racoon_clip/workflow/Snakefile --configfile /media/storage/home/mklostermann/projects/03_eiCLIP_pipeline/eiCLIP_pipeline/minimal_example/minimal_example_eCLIP/config_min_example_eCLIP_minimal_updated.yaml --use-conda --conda-frontend mamba --jobs 1 --rerun-incomplete --printshellcmds --nolock --show-failed-logs --cores 6 -p
[2023:09:01 06:41:20] Snakemake finished successfully
[2023:09:01 06:42:18] Updating config file with new values
[2023:09:01 06:42:18] Writing config file to /media/storage/home/mklostermann/projects/03_eiCLIP_pipeline/eiCLIP_pipeline/minimal_example/minimal_example_eCLIP/config_min_example_eCLIP_minimal_updated.yaml
[2023:09:01 06:42:18] ---------------------
[2023:09:01 06:42:18] | Snakemake command |
[2023:09:01 06:42:18] ---------------------

snakemake -s /media/storage/home/mklostermann/racoon_clip/racoon_clip/workflow/Snakefile --configfile /media/storage/home/mklostermann/projects/03_eiCLIP_pipeline/eiCLIP_pipeline/minimal_example/minimal_example_eCLIP/config_min_example_eCLIP_minimal_updated.yaml --use-conda --conda-frontend mamba --jobs 1 --rerun-incomplete --printshellcmds --nolock --show-failed-logs --cores 6 -p
[2023:09:01 06:42:28] Snakemake finished successfully
[2023:09:01 06:44:34] Updating config file with new values
[2023:09:01 06:44:34] Writing config file to /media/storage/home/mklostermann/projects/03_eiCLIP_pipeline/eiCLIP_pipeline/minimal_example/minimal_example_eCLIP/config_min_example_eCLIP_minimal_updated.yaml
[2023:09:01 06:44:34] ---------------------
[2023:09:01 06:44:34] | Snakemake command |
[2023:09:01 06:44:34] ---------------------

snakemake -s /media/storage/home/mklostermann/racoon_clip/racoon_clip/workflow/Snakefile --configfile /media/storage/home/mklostermann/projects/03_eiCLIP_pipeline/eiCLIP_pipeline/minimal_example/minimal_example_eCLIP/config_min_example_eCLIP_minimal_updated.yaml --use-conda --conda-frontend mamba --jobs 1 --rerun-incomplete --printshellcmds --nolock --show-failed-logs --cores 6 -p
[2023:09:01 06:44:43] Snakemake finished successfully
