[2023:10:09 08:10:36] commandline values
[2023:10:09 08:10:36] default values
[2023:10:09 08:10:36] Updating config file with commandline values
[2023:10:09 08:10:36] Writing config file to /home/mklostermann/projects/07_processed_published_data/Encode/U2AF2_HepG2/01_files_for_pipe/config_U2AF2_HepG2_single_strand_updated.yaml
[2023:10:09 08:10:36] ---------------------
[2023:10:09 08:10:36] | Snakemake command |
[2023:10:09 08:10:36] ---------------------

snakemake -s /media/storage/home/mklostermann/racoon_clip/racoon_clip/workflow/Snakefile --configfile /home/mklostermann/projects/07_processed_published_data/Encode/U2AF2_HepG2/01_files_for_pipe/config_U2AF2_HepG2_single_strand_updated.yaml --use-conda --conda-frontend mamba --jobs 1 --rerun-incomplete --printshellcmds --nolock --show-failed-logs --cores 6
[2023:10:09 08:13:11] ERROR: Snakemake failed
[2023:10:09 08:22:29] commandline values
[2023:10:09 08:22:29] default values
[2023:10:09 08:22:29] Updating config file with commandline values
[2023:10:09 08:22:29] Writing config file to /home/mklostermann/projects/07_processed_published_data/Encode/U2AF2_HepG2/01_files_for_pipe/config_U2AF2_HepG2_single_strand_updated.yaml
[2023:10:09 08:22:29] ---------------------
[2023:10:09 08:22:29] | Snakemake command |
[2023:10:09 08:22:29] ---------------------

snakemake -s /media/storage/home/mklostermann/racoon_clip/racoon_clip/workflow/Snakefile --configfile /home/mklostermann/projects/07_processed_published_data/Encode/U2AF2_HepG2/01_files_for_pipe/config_U2AF2_HepG2_single_strand_updated.yaml --use-conda --conda-frontend mamba --jobs 1 --rerun-incomplete --printshellcmds --nolock --show-failed-logs --cores 6
[2023:10:09 08:23:06] ERROR: Snakemake failed
[2024:02:27 09:31:01] commandline values
[2024:02:27 09:31:01] default values
[2024:02:27 09:31:01] Updating config file with commandline values
[2024:02:27 09:31:01] Writing config file to _updated.yaml
[2024:02:27 09:31:01] ---------------------
[2024:02:27 09:31:01] | Snakemake command |
[2024:02:27 09:31:01] ---------------------

snakemake -s /media/storage/home/mklostermann/racoon_clip/racoon_clip/workflow/Snakefile --configfile _updated.yaml --use-conda --conda-frontend mamba --jobs 1 --rerun-incomplete --printshellcmds --nolock --show-failed-logs --cores 2 -conf /home/mklostermann/projects/04_minimal_examples_racoon/min_example_miReCLIP/files_for_pipe/config_min_example_miReCLIP.yaml
[2024:02:27 09:31:02] ERROR: Snakemake failed
[2024:02:27 09:31:30] commandline values
[2024:02:27 09:31:30] default values
[2024:02:27 09:31:30] Updating config file with commandline values
[2024:02:27 09:31:30] Writing config file to /home/mklostermann/projects/04_minimal_examples_racoon/min_example_miReCLIP/files_for_pipe/config_min_example_miReCLIP_updated.yaml
[2024:02:27 09:31:30] ---------------------
[2024:02:27 09:31:30] | Snakemake command |
[2024:02:27 09:31:30] ---------------------

snakemake -s /media/storage/home/mklostermann/racoon_clip/racoon_clip/workflow/Snakefile --configfile /home/mklostermann/projects/04_minimal_examples_racoon/min_example_miReCLIP/files_for_pipe/config_min_example_miReCLIP_updated.yaml --use-conda --conda-frontend mamba --jobs 1 --rerun-incomplete --printshellcmds --nolock --show-failed-logs --cores 2
[2024:02:27 09:31:31] ERROR: Snakemake failed
[2024:02:27 09:35:20] commandline values
[2024:02:27 09:35:20] default values
[2024:02:27 09:35:20] Updating config file with commandline values
[2024:02:27 09:35:20] Writing config file to /home/mklostermann/projects/04_minimal_examples_racoon/min_example_miReCLIP/files_for_pipe/config_min_example_miReCLIP_updated.yaml
[2024:02:27 09:35:20] ---------------------
[2024:02:27 09:35:20] | Snakemake command |
[2024:02:27 09:35:20] ---------------------

snakemake -s /media/storage/home/mklostermann/racoon_clip/racoon_clip/workflow/Snakefile --configfile /home/mklostermann/projects/04_minimal_examples_racoon/min_example_miReCLIP/files_for_pipe/config_min_example_miReCLIP_updated.yaml --use-conda --conda-frontend mamba --jobs 1 --rerun-incomplete --printshellcmds --nolock --show-failed-logs --cores 2
[2024:02:27 09:35:20] ERROR: Snakemake failed
[2024:02:27 09:37:00] commandline values
[2024:02:27 09:37:00] default values
[2024:02:27 09:37:00] Updating config file with commandline values
[2024:02:27 09:37:00] Writing config file to /home/mklostermann/projects/04_minimal_examples_racoon/min_example_miReCLIP/files_for_pipe/config_min_example_miReCLIP_updated.yaml
[2024:02:27 09:37:00] ---------------------
[2024:02:27 09:37:00] | Snakemake command |
[2024:02:27 09:37:00] ---------------------

snakemake -s /media/storage/home/mklostermann/racoon_clip/racoon_clip/workflow/Snakefile --configfile /home/mklostermann/projects/04_minimal_examples_racoon/min_example_miReCLIP/files_for_pipe/config_min_example_miReCLIP_updated.yaml --use-conda --conda-frontend mamba --jobs 1 --rerun-incomplete --printshellcmds --nolock --show-failed-logs --cores 2
[2024:02:27 09:37:01] ERROR: Snakemake failed
[2024:02:27 09:37:10] commandline values
[2024:02:27 09:37:10] default values
[2024:02:27 09:37:10] Updating config file with commandline values
[2024:02:27 09:37:10] Writing config file to /home/mklostermann/projects/04_minimal_examples_racoon/min_example_miReCLIP/files_for_pipe/config_min_example_miReCLIP_updated.yaml
[2024:02:27 09:37:10] ---------------------
[2024:02:27 09:37:10] | Snakemake command |
[2024:02:27 09:37:10] ---------------------

snakemake -s /media/storage/home/mklostermann/racoon_clip/racoon_clip/workflow/Snakefile --configfile /home/mklostermann/projects/04_minimal_examples_racoon/min_example_miReCLIP/files_for_pipe/config_min_example_miReCLIP_updated.yaml --use-conda --conda-frontend mamba --jobs 1 --rerun-incomplete --printshellcmds --nolock --show-failed-logs --cores 2
[2024:02:27 09:37:10] ERROR: Snakemake failed
[2024:02:27 09:38:35] commandline values
[2024:02:27 09:38:35] default values
[2024:02:27 09:38:35] Updating config file with commandline values
[2024:02:27 09:38:35] Writing config file to /home/mklostermann/projects/04_minimal_examples_racoon/min_example_miReCLIP/files_for_pipe/config_min_example_miReCLIP_updated.yaml
[2024:02:27 09:38:35] ---------------------
[2024:02:27 09:38:35] | Snakemake command |
[2024:02:27 09:38:35] ---------------------

snakemake -s /media/storage/home/mklostermann/racoon_clip/racoon_clip/workflow/Snakefile --configfile /home/mklostermann/projects/04_minimal_examples_racoon/min_example_miReCLIP/files_for_pipe/config_min_example_miReCLIP_updated.yaml --use-conda --conda-frontend mamba --jobs 1 --rerun-incomplete --printshellcmds --nolock --show-failed-logs --cores 2
[2024:02:27 09:38:36] ERROR: Snakemake failed
[2024:02:27 09:40:11] commandline values
[2024:02:27 09:40:11] default values
[2024:02:27 09:40:11] Updating config file with commandline values
[2024:02:27 09:40:11] Writing config file to /home/mklostermann/projects/04_minimal_examples_racoon/min_example_miReCLIP/files_for_pipe/config_min_example_miReCLIP_updated.yaml
[2024:02:27 09:40:11] ---------------------
[2024:02:27 09:40:11] | Snakemake command |
[2024:02:27 09:40:11] ---------------------

snakemake -s /media/storage/home/mklostermann/racoon_clip/racoon_clip/workflow/Snakefile --configfile /home/mklostermann/projects/04_minimal_examples_racoon/min_example_miReCLIP/files_for_pipe/config_min_example_miReCLIP_updated.yaml --use-conda --conda-frontend mamba --jobs 1 --rerun-incomplete --printshellcmds --nolock --show-failed-logs --cores 2
[2024:02:27 09:40:11] ERROR: Snakemake failed
[2024:02:27 09:44:48] commandline values
[2024:02:27 09:44:48] default values
[2024:02:27 09:44:48] Updating config file with commandline values
[2024:02:27 09:44:48] Writing config file to /home/mklostermann/projects/04_minimal_examples_racoon/min_example_miReCLIP/files_for_pipe/config_min_example_miReCLIP_updated.yaml
[2024:02:27 09:44:48] ---------------------
[2024:02:27 09:44:48] | Snakemake command |
[2024:02:27 09:44:48] ---------------------

snakemake -s /media/storage/home/mklostermann/racoon_clip/racoon_clip/workflow/Snakefile --configfile /home/mklostermann/projects/04_minimal_examples_racoon/min_example_miReCLIP/files_for_pipe/config_min_example_miReCLIP_updated.yaml --use-conda --conda-frontend mamba --jobs 1 --rerun-incomplete --printshellcmds --nolock --show-failed-logs --cores 2
[2024:02:27 09:44:49] ERROR: Snakemake failed
[2024:02:27 09:47:04] commandline values
[2024:02:27 09:47:04] default values
[2024:02:27 09:47:04] Updating config file with commandline values
[2024:02:27 09:47:04] Writing config file to /home/mklostermann/projects/04_minimal_examples_racoon/min_example_miReCLIP/files_for_pipe/config_min_example_miReCLIP_updated.yaml
[2024:02:27 09:47:04] ---------------------
[2024:02:27 09:47:04] | Snakemake command |
[2024:02:27 09:47:04] ---------------------

snakemake -s /media/storage/home/mklostermann/racoon_clip/racoon_clip/workflow/Snakefile --configfile /home/mklostermann/projects/04_minimal_examples_racoon/min_example_miReCLIP/files_for_pipe/config_min_example_miReCLIP_updated.yaml --use-conda --conda-frontend mamba --jobs 1 --rerun-incomplete --printshellcmds --nolock --show-failed-logs --cores 2
[2024:02:27 09:47:05] ERROR: Snakemake failed
[2024:02:27 10:15:46] commandline values
[2024:02:27 10:15:46] default values
[2024:02:27 10:15:46] Updating config file with commandline values
[2024:02:27 10:15:46] Writing config file to /home/mklostermann/projects/04_minimal_examples_racoon/min_example_miReCLIP/files_for_pipe/config_min_example_miReCLIP_updated.yaml
[2024:02:27 10:15:46] ---------------------
[2024:02:27 10:15:46] | Snakemake command |
[2024:02:27 10:15:46] ---------------------

snakemake -s /media/storage/home/mklostermann/racoon_clip/racoon_clip/workflow/Snakefile --configfile /home/mklostermann/projects/04_minimal_examples_racoon/min_example_miReCLIP/files_for_pipe/config_min_example_miReCLIP_updated.yaml --use-conda --conda-frontend mamba --jobs 1 --rerun-incomplete --printshellcmds --nolock --show-failed-logs --cores 2
[2024:02:27 10:15:47] ERROR: Snakemake failed
[2024:02:27 10:16:25] commandline values
[2024:02:27 10:16:25] default values
[2024:02:27 10:16:25] Updating config file with commandline values
[2024:02:27 10:16:25] Writing config file to /home/mklostermann/projects/04_minimal_examples_racoon/min_example_miReCLIP/files_for_pipe/config_min_example_miReCLIP_updated.yaml
[2024:02:27 10:16:25] ---------------------
[2024:02:27 10:16:25] | Snakemake command |
[2024:02:27 10:16:25] ---------------------

snakemake -s /media/storage/home/mklostermann/racoon_clip/racoon_clip/workflow/Snakefile --configfile /home/mklostermann/projects/04_minimal_examples_racoon/min_example_miReCLIP/files_for_pipe/config_min_example_miReCLIP_updated.yaml --use-conda --conda-frontend mamba --jobs 1 --rerun-incomplete --printshellcmds --nolock --show-failed-logs --cores 2
[2024:02:27 10:16:25] ERROR: Snakemake failed
[2024:02:27 10:27:26] commandline values
[2024:02:27 10:27:26] default values
[2024:02:27 10:27:26] Updating config file with commandline values
[2024:02:27 10:27:26] Writing config file to /home/mklostermann/projects/04_minimal_examples_racoon/min_example_miReCLIP/files_for_pipe/config_min_example_miReCLIP_updated.yaml
[2024:02:27 10:27:26] ---------------------
[2024:02:27 10:27:26] | Snakemake command |
[2024:02:27 10:27:26] ---------------------

snakemake -s /media/storage/home/mklostermann/racoon_clip/racoon_clip/workflow/Snakefile --configfile /home/mklostermann/projects/04_minimal_examples_racoon/min_example_miReCLIP/files_for_pipe/config_min_example_miReCLIP_updated.yaml --use-conda --conda-frontend mamba --jobs 1 --rerun-incomplete --printshellcmds --nolock --show-failed-logs --cores 2
[2024:02:27 10:27:26] ERROR: Snakemake failed
[2024:02:27 10:27:49] commandline values
[2024:02:27 10:27:49] default values
[2024:02:27 10:27:49] Updating config file with commandline values
[2024:02:27 10:27:49] Writing config file to /home/mklostermann/projects/04_minimal_examples_racoon/min_example_miReCLIP/files_for_pipe/config_min_example_miReCLIP_updated.yaml
[2024:02:27 10:27:49] ---------------------
[2024:02:27 10:27:49] | Snakemake command |
[2024:02:27 10:27:49] ---------------------

snakemake -s /media/storage/home/mklostermann/racoon_clip/racoon_clip/workflow/Snakefile --configfile /home/mklostermann/projects/04_minimal_examples_racoon/min_example_miReCLIP/files_for_pipe/config_min_example_miReCLIP_updated.yaml --use-conda --conda-frontend mamba --jobs 1 --rerun-incomplete --printshellcmds --nolock --show-failed-logs --cores 2
[2024:02:27 10:27:50] ERROR: Snakemake failed
[2024:02:27 10:28:39] commandline values
[2024:02:27 10:28:39] default values
[2024:02:27 10:28:39] Updating config file with commandline values
[2024:02:27 10:28:39] Writing config file to /home/mklostermann/projects/04_minimal_examples_racoon/min_example_miReCLIP/files_for_pipe/config_min_example_miReCLIP_updated.yaml
[2024:02:27 10:28:39] ---------------------
[2024:02:27 10:28:39] | Snakemake command |
[2024:02:27 10:28:39] ---------------------

snakemake -s /media/storage/home/mklostermann/racoon_clip/racoon_clip/workflow/Snakefile --configfile /home/mklostermann/projects/04_minimal_examples_racoon/min_example_miReCLIP/files_for_pipe/config_min_example_miReCLIP_updated.yaml --use-conda --conda-frontend mamba --jobs 1 --rerun-incomplete --printshellcmds --nolock --show-failed-logs --cores 2
[2024:02:27 10:28:39] ERROR: Snakemake failed
[2024:02:27 10:31:21] commandline values
[2024:02:27 10:31:21] default values
[2024:02:27 10:31:21] Updating config file with commandline values
[2024:02:27 10:31:21] Writing config file to /home/mklostermann/projects/04_minimal_examples_racoon/min_example_miReCLIP/files_for_pipe/config_min_example_miReCLIP_updated.yaml
[2024:02:27 10:31:21] ---------------------
[2024:02:27 10:31:21] | Snakemake command |
[2024:02:27 10:31:21] ---------------------

snakemake -s /media/storage/home/mklostermann/racoon_clip/racoon_clip/workflow/Snakefile --configfile /home/mklostermann/projects/04_minimal_examples_racoon/min_example_miReCLIP/files_for_pipe/config_min_example_miReCLIP_updated.yaml --use-conda --conda-frontend mamba --jobs 1 --rerun-incomplete --printshellcmds --nolock --show-failed-logs --cores 2
[2024:02:27 10:31:22] ERROR: Snakemake failed
[2024:02:27 10:31:51] commandline values
[2024:02:27 10:31:51] default values
[2024:02:27 10:31:51] Updating config file with commandline values
[2024:02:27 10:31:51] Writing config file to /home/mklostermann/projects/04_minimal_examples_racoon/min_example_miReCLIP/files_for_pipe/config_min_example_miReCLIP_updated.yaml
[2024:02:27 10:31:51] ---------------------
[2024:02:27 10:31:51] | Snakemake command |
[2024:02:27 10:31:51] ---------------------

snakemake -s /media/storage/home/mklostermann/racoon_clip/racoon_clip/workflow/Snakefile --configfile /home/mklostermann/projects/04_minimal_examples_racoon/min_example_miReCLIP/files_for_pipe/config_min_example_miReCLIP_updated.yaml --use-conda --conda-frontend mamba --jobs 1 --rerun-incomplete --printshellcmds --nolock --show-failed-logs --cores 2
[2024:02:27 10:31:51] ERROR: Snakemake failed
[2024:02:27 10:32:55] commandline values
[2024:02:27 10:32:55] default values
[2024:02:27 10:32:55] Updating config file with commandline values
[2024:02:27 10:32:55] Writing config file to /home/mklostermann/projects/04_minimal_examples_racoon/min_example_miReCLIP/files_for_pipe/config_min_example_miReCLIP_updated.yaml
[2024:02:27 10:32:55] ---------------------
[2024:02:27 10:32:55] | Snakemake command |
[2024:02:27 10:32:55] ---------------------

snakemake -s /media/storage/home/mklostermann/racoon_clip/racoon_clip/workflow/Snakefile --configfile /home/mklostermann/projects/04_minimal_examples_racoon/min_example_miReCLIP/files_for_pipe/config_min_example_miReCLIP_updated.yaml --use-conda --conda-frontend mamba --jobs 1 --rerun-incomplete --printshellcmds --nolock --show-failed-logs --cores 2
[2024:02:27 10:32:55] ERROR: Snakemake failed
[2024:02:27 10:33:37] commandline values
[2024:02:27 10:33:37] default values
[2024:02:27 10:33:37] Updating config file with commandline values
[2024:02:27 10:33:37] Writing config file to /home/mklostermann/projects/04_minimal_examples_racoon/min_example_miReCLIP/files_for_pipe/config_min_example_miReCLIP_updated.yaml
[2024:02:27 10:33:37] ---------------------
[2024:02:27 10:33:37] | Snakemake command |
[2024:02:27 10:33:37] ---------------------

snakemake -s /media/storage/home/mklostermann/racoon_clip/racoon_clip/workflow/Snakefile --configfile /home/mklostermann/projects/04_minimal_examples_racoon/min_example_miReCLIP/files_for_pipe/config_min_example_miReCLIP_updated.yaml --use-conda --conda-frontend mamba --jobs 1 --rerun-incomplete --printshellcmds --nolock --show-failed-logs --cores 2
[2024:02:27 10:33:38] ERROR: Snakemake failed
[2024:02:27 12:06:26] commandline values
[2024:02:27 12:06:26] default values
[2024:02:27 12:06:26] Updating config file with commandline values
[2024:02:27 12:06:26] Writing config file to /home/mklostermann/projects/04_minimal_examples_racoon/min_example_miReCLIP/files_for_pipe/config_min_example_miReCLIP_updated.yaml
[2024:02:27 12:06:26] ---------------------
[2024:02:27 12:06:26] | Snakemake command |
[2024:02:27 12:06:26] ---------------------

snakemake -s /media/storage/home/mklostermann/racoon_clip/racoon_clip/workflow/Snakefile --configfile /home/mklostermann/projects/04_minimal_examples_racoon/min_example_miReCLIP/files_for_pipe/config_min_example_miReCLIP_updated.yaml --use-conda --conda-frontend mamba --jobs 1 --rerun-incomplete --printshellcmds --nolock --show-failed-logs --cores 2
[2024:02:27 12:06:27] ERROR: Snakemake failed
[2024:02:27 12:07:41] commandline values
[2024:02:27 12:07:41] default values
[2024:02:27 12:07:41] Updating config file with commandline values
[2024:02:27 12:07:41] Writing config file to /home/mklostermann/projects/04_minimal_examples_racoon/min_example_miReCLIP/files_for_pipe/config_min_example_miReCLIP_updated.yaml
[2024:02:27 12:07:41] ---------------------
[2024:02:27 12:07:41] | Snakemake command |
[2024:02:27 12:07:41] ---------------------

snakemake -s /media/storage/home/mklostermann/racoon_clip/racoon_clip/workflow/Snakefile --configfile /home/mklostermann/projects/04_minimal_examples_racoon/min_example_miReCLIP/files_for_pipe/config_min_example_miReCLIP_updated.yaml --use-conda --conda-frontend mamba --jobs 1 --rerun-incomplete --printshellcmds --nolock --show-failed-logs --cores 2 --rerun-incomplete
[2024:02:27 12:07:41] ERROR: Snakemake failed
[2024:02:27 12:11:13] commandline values
[2024:02:27 12:11:13] default values
[2024:02:27 12:11:13] Updating config file with commandline values
[2024:02:27 12:11:13] Writing config file to /home/mklostermann/projects/04_minimal_examples_racoon/min_example_miReCLIP/files_for_pipe/config_min_example_miReCLIP_updated.yaml
[2024:02:27 12:11:13] ---------------------
[2024:02:27 12:11:13] | Snakemake command |
[2024:02:27 12:11:13] ---------------------

snakemake -s /media/storage/home/mklostermann/racoon_clip/racoon_clip/workflow/Snakefile --configfile /home/mklostermann/projects/04_minimal_examples_racoon/min_example_miReCLIP/files_for_pipe/config_min_example_miReCLIP_updated.yaml --use-conda --conda-frontend mamba --jobs 1 --rerun-incomplete --printshellcmds --nolock --show-failed-logs --cores 2 --rerun-incomplete
[2024:02:27 12:11:13] ERROR: Snakemake failed
[2024:02:27 12:20:27] commandline values
[2024:02:27 12:20:27] default values
[2024:02:27 12:20:27] Updating config file with commandline values
[2024:02:27 12:20:27] Writing config file to /home/mklostermann/projects/04_minimal_examples_racoon/min_example_miReCLIP/files_for_pipe/config_min_example_miReCLIP_updated.yaml
[2024:02:27 12:20:27] ---------------------
[2024:02:27 12:20:27] | Snakemake command |
[2024:02:27 12:20:27] ---------------------

snakemake -s /media/storage/home/mklostermann/racoon_clip/racoon_clip/workflow/Snakefile --configfile /home/mklostermann/projects/04_minimal_examples_racoon/min_example_miReCLIP/files_for_pipe/config_min_example_miReCLIP_updated.yaml --use-conda --conda-frontend mamba --jobs 1 --rerun-incomplete --printshellcmds --nolock --show-failed-logs --cores 2 --rerun-incomplete
[2024:02:27 12:20:28] ERROR: Snakemake failed
[2024:02:27 12:37:36] commandline values
[2024:02:27 12:37:36] default values
[2024:02:27 12:37:36] Updating config file with commandline values
[2024:02:27 12:37:36] Writing config file to /home/mklostermann/projects/04_minimal_examples_racoon/min_example_miReCLIP/files_for_pipe/config_min_example_miReCLIP_updated.yaml
[2024:02:27 12:37:36] ---------------------
[2024:02:27 12:37:36] | Snakemake command |
[2024:02:27 12:37:36] ---------------------

snakemake -s /media/storage/home/mklostermann/racoon_clip/racoon_clip/workflow/Snakefile --configfile /home/mklostermann/projects/04_minimal_examples_racoon/min_example_miReCLIP/files_for_pipe/config_min_example_miReCLIP_updated.yaml --use-conda --conda-frontend mamba --jobs 1 --rerun-incomplete --printshellcmds --nolock --show-failed-logs --cores 2 --rerun-incomplete
[2024:02:27 12:39:19] ERROR: Snakemake failed
[2024:02:27 12:40:53] commandline values
[2024:02:27 12:40:53] default values
[2024:02:27 12:40:53] Updating config file with commandline values
[2024:02:27 12:40:53] Writing config file to /home/mklostermann/projects/04_minimal_examples_racoon/min_example_miReCLIP/files_for_pipe/config_min_example_miReCLIP_updated.yaml
[2024:02:27 12:40:53] ---------------------
[2024:02:27 12:40:53] | Snakemake command |
[2024:02:27 12:40:53] ---------------------

snakemake -s /media/storage/home/mklostermann/racoon_clip/racoon_clip/workflow/Snakefile --configfile /home/mklostermann/projects/04_minimal_examples_racoon/min_example_miReCLIP/files_for_pipe/config_min_example_miReCLIP_updated.yaml --use-conda --conda-frontend mamba --jobs 1 --rerun-incomplete --printshellcmds --nolock --show-failed-logs --cores 2 --rerun-incomplete
[2024:02:27 13:33:32] commandline values
[2024:02:27 13:33:32] default values
[2024:02:27 13:33:32] Updating config file with commandline values
[2024:02:27 13:33:32] Writing config file to /home/mklostermann/projects/04_minimal_examples_racoon/min_example_miReCLIP/files_for_pipe/config_min_example_miReCLIP_updated.yaml
[2024:02:27 13:33:32] ---------------------
[2024:02:27 13:33:32] | Snakemake command |
[2024:02:27 13:33:32] ---------------------

snakemake -s /media/storage/home/mklostermann/racoon_clip/racoon_clip/workflow/Snakefile --configfile /home/mklostermann/projects/04_minimal_examples_racoon/min_example_miReCLIP/files_for_pipe/config_min_example_miReCLIP_updated.yaml --use-conda --conda-frontend mamba --jobs 1 --rerun-incomplete --printshellcmds --nolock --show-failed-logs --cores 10
[2024:02:27 14:02:17] ERROR: Snakemake failed
[2024:02:28 07:03:13] commandline values
[2024:02:28 07:03:13] default values
[2024:02:28 07:03:13] Updating config file with commandline values
[2024:02:28 07:03:13] Writing config file to /home/mklostermann/projects/04_minimal_examples_racoon/min_example_miReCLIP/files_for_pipe/config_min_example_miReCLIP_updated.yaml
[2024:02:28 07:03:13] ---------------------
[2024:02:28 07:03:13] | Snakemake command |
[2024:02:28 07:03:13] ---------------------

snakemake -s /media/storage/home/mklostermann/racoon_clip/racoon_clip/workflow/Snakefile --configfile /home/mklostermann/projects/04_minimal_examples_racoon/min_example_miReCLIP/files_for_pipe/config_min_example_miReCLIP_updated.yaml --use-conda --conda-frontend mamba --jobs 1 --rerun-incomplete --printshellcmds --nolock --show-failed-logs --cores 10
[2024:02:28 07:04:53] commandline values
[2024:02:28 07:04:53] default values
[2024:02:28 07:04:53] Updating config file with commandline values
[2024:02:28 07:04:53] Writing config file to /home/mklostermann/projects/04_minimal_examples_racoon/min_example_miReCLIP/files_for_pipe/config_min_example_miReCLIP_updated.yaml
[2024:02:28 07:04:53] ---------------------
[2024:02:28 07:04:53] | Snakemake command |
[2024:02:28 07:04:53] ---------------------

snakemake -s /media/storage/home/mklostermann/racoon_clip/racoon_clip/workflow/Snakefile --configfile /home/mklostermann/projects/04_minimal_examples_racoon/min_example_miReCLIP/files_for_pipe/config_min_example_miReCLIP_updated.yaml --use-conda --conda-frontend mamba --jobs 1 --rerun-incomplete --printshellcmds --nolock --show-failed-logs --cores 10
[2024:02:28 07:32:41] ERROR: Snakemake failed
[2024:02:28 07:53:36] commandline values
[2024:02:28 07:53:36] default values
[2024:02:28 07:53:36] Updating config file with commandline values
[2024:02:28 07:53:36] Writing config file to /home/mklostermann/projects/04_minimal_examples_racoon/min_example_miReCLIP/files_for_pipe/config_min_example_miReCLIP_updated.yaml
[2024:02:28 07:53:36] ---------------------
[2024:02:28 07:53:36] | Snakemake command |
[2024:02:28 07:53:36] ---------------------

snakemake -s /media/storage/home/mklostermann/racoon_clip/racoon_clip/workflow/Snakefile --configfile /home/mklostermann/projects/04_minimal_examples_racoon/min_example_miReCLIP/files_for_pipe/config_min_example_miReCLIP_updated.yaml --use-conda --conda-frontend mamba --jobs 1 --rerun-incomplete --printshellcmds --nolock --show-failed-logs --cores 10
[2024:02:28 07:53:44] ERROR: Snakemake failed
